<?xml version="1.0" encoding="UTF-8"?>
<!-- Generated by org.testng.reporters.JUnitReportReporter -->
<testsuite skipped="3" hostname="nvginws168" name="com.qa.shipment.test.Login" tests="4" failures="0" timestamp="04 Jan 2019 12:29:07 GMT" time="202.793" errors="0">
  <testcase name="create_shipment" time="202.793" classname="com.qa.shipment.test.Login"/>
  <testcase name="search_shipment_number" classname="com.qa.shipment.test.Login">
    <skipped/>
  </testcase> <!-- search_shipment_number -->
  <testcase name="Edit_shipment_number" classname="com.qa.shipment.test.Login">
    <skipped/>
  </testcase> <!-- Edit_shipment_number -->
  <testcase name="global_shipment_search" classname="com.qa.shipment.test.Login">
    <skipped/>
  </testcase> <!-- global_shipment_search -->
</testsuite> <!-- com.qa.shipment.test.Login -->
