<?xml version="1.0" encoding="UTF-8"?>
<!-- Generated by org.testng.reporters.JUnitReportReporter -->
<testsuite skipped="0" hostname="nvginws168" name="com.qa.shipment.test.Login" tests="3" failures="0" timestamp="02 Jan 2019 10:41:09 GMT" time="302.544" errors="0">
  <testcase name="search_shipment_global" time="52.699" classname="com.qa.shipment.test.Login"/>
  <testcase name="create_shipment" time="188.272" classname="com.qa.shipment.test.Login"/>
  <testcase name="search_shipment_number" time="61.573" classname="com.qa.shipment.test.Login"/>
</testsuite> <!-- com.qa.shipment.test.Login -->
